<?xml version="1.0" encoding="UTF-8"?>
<testsuite name="Hello.hellospring.HelloSpringApplicationTests" tests="1" skipped="0" failures="0" errors="0" timestamp="2023-08-09T08:58:35" hostname="DESKTOP-ODDNJG3" time="0.373">
  <properties/>
  <testcase name="contextLoads()" classname="Hello.hellospring.HelloSpringApplicationTests" time="0.373"/>
  <system-out><![CDATA[17:58:33.724 [Test worker] DEBUG org.springframework.test.context.BootstrapUtils - Instantiating CacheAwareContextLoaderDelegate from class [org.springframework.test.context.cache.DefaultCacheAwareContextLoaderDelegate]
17:58:33.738 [Test worker] DEBUG org.springframework.test.context.BootstrapUtils - Instantiating BootstrapContext using constructor [public org.springframework.test.context.support.DefaultBootstrapContext(java.lang.Class,org.springframework.test.context.CacheAwareContextLoaderDelegate)]
17:58:33.777 [Test worker] DEBUG org.springframework.test.context.BootstrapUtils - Instantiating TestContextBootstrapper for test class [Hello.hellospring.HelloSpringApplicationTests] from class [org.springframework.boot.test.context.SpringBootTestContextBootstrapper]
17:58:33.789 [Test worker] INFO org.springframework.boot.test.context.SpringBootTestContextBootstrapper - Neither @ContextConfiguration nor @ContextHierarchy found for test class [Hello.hellospring.HelloSpringApplicationTests], using SpringBootContextLoader
17:58:33.794 [Test worker] DEBUG org.springframework.test.context.support.AbstractContextLoader - Did not detect default resource location for test class [Hello.hellospring.HelloSpringApplicationTests]: class path resource [Hello/hellospring/HelloSpringApplicationTests-context.xml] does not exist
17:58:33.795 [Test worker] DEBUG org.springframework.test.context.support.AbstractContextLoader - Did not detect default resource location for test class [Hello.hellospring.HelloSpringApplicationTests]: class path resource [Hello/hellospring/HelloSpringApplicationTestsContext.groovy] does not exist
17:58:33.795 [Test worker] INFO org.springframework.test.context.support.AbstractContextLoader - Could not detect default resource locations for test class [Hello.hellospring.HelloSpringApplicationTests]: no resource found for suffixes {-context.xml, Context.groovy}.
17:58:33.796 [Test worker] INFO org.springframework.test.context.support.AnnotationConfigContextLoaderUtils - Could not detect default configuration classes for test class [Hello.hellospring.HelloSpringApplicationTests]: HelloSpringApplicationTests does not declare any static, non-private, non-final, nested classes annotated with @Configuration.
17:58:33.842 [Test worker] DEBUG org.springframework.test.context.support.ActiveProfilesUtils - Could not find an 'annotation declaring class' for annotation type [org.springframework.test.context.ActiveProfiles] and class [Hello.hellospring.HelloSpringApplicationTests]
17:58:33.909 [Test worker] DEBUG org.springframework.context.annotation.ClassPathScanningCandidateComponentProvider - Identified candidate component class: file [C:\Users\학생\Documents\hello-spring\build\classes\java\main\Hello\hellospring\HelloSpringApplication.class]
17:58:33.911 [Test worker] INFO org.springframework.boot.test.context.SpringBootTestContextBootstrapper - Found @SpringBootConfiguration Hello.hellospring.HelloSpringApplication for test class Hello.hellospring.HelloSpringApplicationTests
17:58:34.017 [Test worker] DEBUG org.springframework.boot.test.context.SpringBootTestContextBootstrapper - @TestExecutionListeners is not present for class [Hello.hellospring.HelloSpringApplicationTests]: using defaults.
17:58:34.018 [Test worker] INFO org.springframework.boot.test.context.SpringBootTestContextBootstrapper - Loaded default TestExecutionListener class names from location [META-INF/spring.factories]: [org.springframework.boot.test.autoconfigure.restdocs.RestDocsTestExecutionListener, org.springframework.boot.test.autoconfigure.web.client.MockRestServiceServerResetTestExecutionListener, org.springframework.boot.test.autoconfigure.web.servlet.MockMvcPrintOnlyOnFailureTestExecutionListener, org.springframework.boot.test.autoconfigure.web.servlet.WebDriverTestExecutionListener, org.springframework.boot.test.autoconfigure.webservices.client.MockWebServiceServerTestExecutionListener, org.springframework.boot.test.mock.mockito.MockitoTestExecutionListener, org.springframework.boot.test.mock.mockito.ResetMocksTestExecutionListener, org.springframework.test.context.web.ServletTestExecutionListener, org.springframework.test.context.support.DirtiesContextBeforeModesTestExecutionListener, org.springframework.test.context.event.ApplicationEventsTestExecutionListener, org.springframework.test.context.support.DependencyInjectionTestExecutionListener, org.springframework.test.context.support.DirtiesContextTestExecutionListener, org.springframework.test.context.transaction.TransactionalTestExecutionListener, org.springframework.test.context.jdbc.SqlScriptsTestExecutionListener, org.springframework.test.context.event.EventPublishingTestExecutionListener]
17:58:34.031 [Test worker] DEBUG org.springframework.boot.test.context.SpringBootTestContextBootstrapper - Skipping candidate TestExecutionListener [org.springframework.test.context.transaction.TransactionalTestExecutionListener] due to a missing dependency. Specify custom listener classes or make the default listener classes and their required dependencies available. Offending class: [org/springframework/transaction/interceptor/TransactionAttributeSource]
17:58:34.032 [Test worker] DEBUG org.springframework.boot.test.context.SpringBootTestContextBootstrapper - Skipping candidate TestExecutionListener [org.springframework.test.context.jdbc.SqlScriptsTestExecutionListener] due to a missing dependency. Specify custom listener classes or make the default listener classes and their required dependencies available. Offending class: [org/springframework/transaction/interceptor/TransactionAttribute]
17:58:34.032 [Test worker] INFO org.springframework.boot.test.context.SpringBootTestContextBootstrapper - Using TestExecutionListeners: [org.springframework.test.context.web.ServletTestExecutionListener@f5c79a6, org.springframework.test.context.support.DirtiesContextBeforeModesTestExecutionListener@669253b7, org.springframework.test.context.event.ApplicationEventsTestExecutionListener@5305c37d, org.springframework.boot.test.mock.mockito.MockitoTestExecutionListener@51a06cbe, org.springframework.boot.test.autoconfigure.SpringBootDependencyInjectionTestExecutionListener@3dddbe65, org.springframework.test.context.support.DirtiesContextTestExecutionListener@49a64d82, org.springframework.test.context.event.EventPublishingTestExecutionListener@344561e0, org.springframework.boot.test.autoconfigure.restdocs.RestDocsTestExecutionListener@66d23e4a, org.springframework.boot.test.autoconfigure.web.client.MockRestServiceServerResetTestExecutionListener@36ac8a63, org.springframework.boot.test.autoconfigure.web.servlet.MockMvcPrintOnlyOnFailureTestExecutionListener@4d9d1b69, org.springframework.boot.test.autoconfigure.web.servlet.WebDriverTestExecutionListener@52c8295b, org.springframework.boot.test.autoconfigure.webservices.client.MockWebServiceServerTestExecutionListener@251f7d26, org.springframework.boot.test.mock.mockito.ResetMocksTestExecutionListener@77b21474]
17:58:34.036 [Test worker] DEBUG org.springframework.test.context.support.AbstractDirtiesContextTestExecutionListener - Before test class: context [DefaultTestContext@46cf05f7 testClass = HelloSpringApplicationTests, testInstance = [null], testMethod = [null], testException = [null], mergedContextConfiguration = [WebMergedContextConfiguration@5851bd4f testClass = HelloSpringApplicationTests, locations = '{}', classes = '{class Hello.hellospring.HelloSpringApplication}', contextInitializerClasses = '[]', activeProfiles = '{}', propertySourceLocations = '{}', propertySourceProperties = '{org.springframework.boot.test.context.SpringBootTestContextBootstrapper=true}', contextCustomizers = set[org.springframework.boot.test.autoconfigure.actuate.metrics.MetricsExportContextCustomizerFactory$DisableMetricExportContextCustomizer@5dd91bca, org.springframework.boot.test.autoconfigure.properties.PropertyMappingContextCustomizer@0, org.springframework.boot.test.autoconfigure.web.servlet.WebDriverContextCustomizerFactory$Customizer@7c209437, org.springframework.boot.test.context.filter.ExcludeFilterContextCustomizer@4febb875, org.springframework.boot.test.json.DuplicateJsonObjectContextCustomizerFactory$DuplicateJsonObjectContextCustomizer@328cf0e1, org.springframework.boot.test.mock.mockito.MockitoContextCustomizer@0, org.springframework.boot.test.web.client.TestRestTemplateContextCustomizer@58359ebd, org.springframework.boot.test.context.SpringBootTestArgs@1, org.springframework.boot.test.context.SpringBootTestWebEnvironment@a1f72f5], resourceBasePath = 'src/main/webapp', contextLoader = 'org.springframework.boot.test.context.SpringBootContextLoader', parent = [null]], attributes = map['org.springframework.test.context.web.ServletTestExecutionListener.activateListener' -> true]], class annotated with @DirtiesContext [false] with mode [null].

  .   ____          _            __ _ _
 /\\ / ___'_ __ _ _(_)_ __  __ _ \ \ \ \
( ( )\___ | '_ | '_| | '_ \/ _` | \ \ \ \
 \\/  ___)| |_)| | | | | || (_| |  ) ) ) )
  '  |____| .__|_| |_|_| |_\__, | / / / /
 =========|_|==============|___/=/_/_/_/
 :: Spring Boot ::               (v2.7.14)

2023-08-09 17:58:34.370  INFO 6664 --- [    Test worker] H.h.HelloSpringApplicationTests          : Starting HelloSpringApplicationTests using Java 11.0.20 on DESKTOP-ODDNJG3 with PID 6664 (started by 학생 in C:\Users\학생\Documents\hello-spring)
2023-08-09 17:58:34.371  INFO 6664 --- [    Test worker] H.h.HelloSpringApplicationTests          : No active profile set, falling back to 1 default profile: "default"
2023-08-09 17:58:35.658  INFO 6664 --- [    Test worker] o.s.b.a.w.s.WelcomePageHandlerMapping    : Adding welcome page: class path resource [static/index.html]
2023-08-09 17:58:35.952  INFO 6664 --- [    Test worker] H.h.HelloSpringApplicationTests          : Started HelloSpringApplicationTests in 1.879 seconds (JVM running for 3.188)
]]></system-out>
  <system-err><![CDATA[]]></system-err>
</testsuite>
